08-Sep-2022 15:40:43.869 INFO [main] org.apache.catalina.startup.VersionLoggerListener.log Nombre de la versión del servidor: Apache Tomcat/8.5.82
08-Sep-2022 15:40:43.871 INFO [main] org.apache.catalina.startup.VersionLoggerListener.log Server built:                      Aug 8 2022 21:26:07 UTC
08-Sep-2022 15:40:43.871 INFO [main] org.apache.catalina.startup.VersionLoggerListener.log Número de versión de servidor:     8.5.82.0
08-Sep-2022 15:40:43.871 INFO [main] org.apache.catalina.startup.VersionLoggerListener.log OS Name:                           Windows 11
08-Sep-2022 15:40:43.871 INFO [main] org.apache.catalina.startup.VersionLoggerListener.log Versión de Systema Operativo:      10.0
08-Sep-2022 15:40:43.871 INFO [main] org.apache.catalina.startup.VersionLoggerListener.log Arquitectura:                      amd64
08-Sep-2022 15:40:43.871 INFO [main] org.apache.catalina.startup.VersionLoggerListener.log Java Home:                         C:\Program Files\Java\jdk-18.0.2.1
08-Sep-2022 15:40:43.872 INFO [main] org.apache.catalina.startup.VersionLoggerListener.log JVM Version:                       18.0.2.1+1-1
08-Sep-2022 15:40:43.872 INFO [main] org.apache.catalina.startup.VersionLoggerListener.log Vededor JVM:                       Oracle Corporation
08-Sep-2022 15:40:43.872 INFO [main] org.apache.catalina.startup.VersionLoggerListener.log CATALINA_BASE:                     D:\GIAN\INSTITUTO - UNIVERSIDAD\IDAT\Proyectos Finales\San Martin\SanMartin_Web\apache-tomcat-8.5.82\apache-tomcat-8.5.82
08-Sep-2022 15:40:43.872 INFO [main] org.apache.catalina.startup.VersionLoggerListener.log CATALINA_HOME:                     D:\GIAN\INSTITUTO - UNIVERSIDAD\IDAT\Proyectos Finales\San Martin\SanMartin_Web\apache-tomcat-8.5.82\apache-tomcat-8.5.82
08-Sep-2022 15:40:43.872 INFO [main] org.apache.catalina.startup.VersionLoggerListener.log Command line argument:             --add-opens=java.base/java.lang=ALL-UNNAMED
08-Sep-2022 15:40:43.872 INFO [main] org.apache.catalina.startup.VersionLoggerListener.log Command line argument:             --add-opens=java.base/java.io=ALL-UNNAMED
08-Sep-2022 15:40:43.872 INFO [main] org.apache.catalina.startup.VersionLoggerListener.log Command line argument:             --add-opens=java.base/java.util=ALL-UNNAMED
08-Sep-2022 15:40:43.872 INFO [main] org.apache.catalina.startup.VersionLoggerListener.log Command line argument:             --add-opens=java.base/java.util.concurrent=ALL-UNNAMED
08-Sep-2022 15:40:43.872 INFO [main] org.apache.catalina.startup.VersionLoggerListener.log Command line argument:             --add-opens=java.rmi/sun.rmi.transport=ALL-UNNAMED
08-Sep-2022 15:40:43.873 INFO [main] org.apache.catalina.startup.VersionLoggerListener.log Command line argument:             -Djava.util.logging.config.file=D:\GIAN\INSTITUTO - UNIVERSIDAD\IDAT\Proyectos Finales\San Martin\SanMartin_Web\apache-tomcat-8.5.82\apache-tomcat-8.5.82\conf\logging.properties
08-Sep-2022 15:40:43.873 INFO [main] org.apache.catalina.startup.VersionLoggerListener.log Command line argument:             -Djava.util.logging.manager=org.apache.juli.ClassLoaderLogManager
08-Sep-2022 15:40:43.873 INFO [main] org.apache.catalina.startup.VersionLoggerListener.log Command line argument:             -Dhttp.nonProxyHosts=localhost|127.0.0.1|DESKTOP-S46NEG3
08-Sep-2022 15:40:43.873 INFO [main] org.apache.catalina.startup.VersionLoggerListener.log Command line argument:             -Djdk.tls.ephemeralDHKeySize=2048
08-Sep-2022 15:40:43.873 INFO [main] org.apache.catalina.startup.VersionLoggerListener.log Command line argument:             -Djava.protocol.handler.pkgs=org.apache.catalina.webresources
08-Sep-2022 15:40:43.873 INFO [main] org.apache.catalina.startup.VersionLoggerListener.log Command line argument:             -Dignore.endorsed.dirs=
08-Sep-2022 15:40:43.873 INFO [main] org.apache.catalina.startup.VersionLoggerListener.log Command line argument:             -Dcatalina.base=D:\GIAN\INSTITUTO - UNIVERSIDAD\IDAT\Proyectos Finales\San Martin\SanMartin_Web\apache-tomcat-8.5.82\apache-tomcat-8.5.82
08-Sep-2022 15:40:43.873 INFO [main] org.apache.catalina.startup.VersionLoggerListener.log Command line argument:             -Dcatalina.home=D:\GIAN\INSTITUTO - UNIVERSIDAD\IDAT\Proyectos Finales\San Martin\SanMartin_Web\apache-tomcat-8.5.82\apache-tomcat-8.5.82
08-Sep-2022 15:40:43.878 INFO [main] org.apache.catalina.startup.VersionLoggerListener.log Command line argument:             -Djava.io.tmpdir=D:\GIAN\INSTITUTO - UNIVERSIDAD\IDAT\Proyectos Finales\San Martin\SanMartin_Web\apache-tomcat-8.5.82\apache-tomcat-8.5.82\temp
08-Sep-2022 15:40:43.878 INFO [main] org.apache.catalina.core.AprLifecycleListener.lifecycleEvent La biblioteca nativa de Apache Tomcat basada en ARP que permite un rendimiento óptimo en entornos de desarrollo no ha sido hallada en java.library.path: [C:\Program Files\Java\jdk-18.0.2.1\bin;C:\WINDOWS\Sun\Java\bin;C:\WINDOWS\system32;C:\WINDOWS;C:\Program Files\Common Files\Oracle\Java\javapath;C:\Oracle\product\10.1.0\Client_1\bin;C:\Oracle\product\10.1.0\Client_1\jre\1.4.2\bin\client;C:\Oracle\product\10.1.0\Client_1\jre\1.4.2\bin;C:\Program Files (x86)\Common Files\Oracle\Java\javapath;C:\Windows\system32;C:\Windows;C:\Windows\System32\Wbem;C:\Windows\System32\WindowsPowerShell\v1.0\;C:\Windows\System32\OpenSSH\;C:\Program Files\NVIDIA Corporation\NVIDIA NvDLISR;C:\Program Files (x86)\NVIDIA Corporation\PhysX\Common;C:\Program Files (x86)\Rational\common;C:\Program Files\MySQL\MySQL_Server_8.0\bin;;C:\WINDOWS\system32;C:\WINDOWS;C:\WINDOWS\System32\Wbem;C:\WINDOWS\System32\WindowsPowerShell\v1.0\;C:\WINDOWS\System32\OpenSSH\;C:\Program Files\PuTTY\;C:\Program Files\dotnet\;C:\Program Files\Microsoft SQL Server\Client SDK\ODBC\170\Tools\Binn\;C:\Program Files\Microsoft SQL Server\150\Tools\Binn\;C:\Program Files (x86)\Microsoft SQL Server\150\Tools\Binn\;C:\Program Files (x86)\Microsoft SQL Server\150\DTS\Binn\;C:\Program Files\Microsoft SQL Server\150\DTS\Binn\;C:\Program Files\Azure Data Studio\bin;C:\Users\gian_\AppData\Local\Programs\Python\Python310\Scripts\;C:\Users\gian_\AppData\Local\Programs\Python\Python310\;C:\Users\gian_\AppData\Local\Microsoft\WindowsApps;C:\Users\gian_\.dotnet\tools;C:\Program Files\Azure Data Studio\bin;C:\Users\gian_\AppData\Local\Programs\Microsoft VS Code\bin;.]
08-Sep-2022 15:40:43.913 INFO [main] org.apache.coyote.AbstractProtocol.init Inicializando el manejador de protocolo ["http-nio-8080"]

08-Sep-2022 15:40:43.933 INFO [main] org.apache.catalina.startup.Catalina.load Initialization processed in 400 ms
08-Sep-2022 15:40:43.973 INFO [main] org.apache.catalina.core.StandardService.startInternal Arrancando servicio [Catalina]
08-Sep-2022 15:40:43.973 INFO [main] org.apache.catalina.core.StandardEngine.startInternal Starting Servlet engine: [Apache Tomcat/8.5.82]
08-Sep-2022 15:40:43.984 INFO [localhost-startStop-1] org.apache.catalina.startup.HostConfig.deployDirectory Desplegando el directorio [D:\GIAN\INSTITUTO - UNIVERSIDAD\IDAT\Proyectos Finales\San Martin\SanMartin_Web\apache-tomcat-8.5.82\apache-tomcat-8.5.82\webapps\docs] de la aplicación web
08-Sep-2022 15:40:44.256 INFO [localhost-startStop-1] org.apache.catalina.startup.HostConfig.deployDirectory Deployment of web application directory [D:\GIAN\INSTITUTO - UNIVERSIDAD\IDAT\Proyectos Finales\San Martin\SanMartin_Web\apache-tomcat-8.5.82\apache-tomcat-8.5.82\webapps\docs] has finished in [270] ms
08-Sep-2022 15:40:44.256 INFO [localhost-startStop-1] org.apache.catalina.startup.HostConfig.deployDirectory Desplegando el directorio [D:\GIAN\INSTITUTO - UNIVERSIDAD\IDAT\Proyectos Finales\San Martin\SanMartin_Web\apache-tomcat-8.5.82\apache-tomcat-8.5.82\webapps\examples] de la aplicación web
08-Sep-2022 15:40:44.716 INFO [localhost-startStop-1] org.apache.catalina.startup.HostConfig.deployDirectory Deployment of web application directory [D:\GIAN\INSTITUTO - UNIVERSIDAD\IDAT\Proyectos Finales\San Martin\SanMartin_Web\apache-tomcat-8.5.82\apache-tomcat-8.5.82\webapps\examples] has finished in [460] ms
08-Sep-2022 15:40:44.716 INFO [localhost-startStop-1] org.apache.catalina.startup.HostConfig.deployDirectory Desplegando el directorio [D:\GIAN\INSTITUTO - UNIVERSIDAD\IDAT\Proyectos Finales\San Martin\SanMartin_Web\apache-tomcat-8.5.82\apache-tomcat-8.5.82\webapps\host-manager] de la aplicación web
08-Sep-2022 15:40:44.751 INFO [localhost-startStop-1] org.apache.catalina.startup.HostConfig.deployDirectory Deployment of web application directory [D:\GIAN\INSTITUTO - UNIVERSIDAD\IDAT\Proyectos Finales\San Martin\SanMartin_Web\apache-tomcat-8.5.82\apache-tomcat-8.5.82\webapps\host-manager] has finished in [34] ms
08-Sep-2022 15:40:44.751 INFO [localhost-startStop-1] org.apache.catalina.startup.HostConfig.deployDirectory Desplegando el directorio [D:\GIAN\INSTITUTO - UNIVERSIDAD\IDAT\Proyectos Finales\San Martin\SanMartin_Web\apache-tomcat-8.5.82\apache-tomcat-8.5.82\webapps\manager] de la aplicación web
08-Sep-2022 15:40:44.781 INFO [localhost-startStop-1] org.apache.catalina.startup.HostConfig.deployDirectory Deployment of web application directory [D:\GIAN\INSTITUTO - UNIVERSIDAD\IDAT\Proyectos Finales\San Martin\SanMartin_Web\apache-tomcat-8.5.82\apache-tomcat-8.5.82\webapps\manager] has finished in [30] ms
08-Sep-2022 15:40:44.781 INFO [localhost-startStop-1] org.apache.catalina.startup.HostConfig.deployDirectory Desplegando el directorio [D:\GIAN\INSTITUTO - UNIVERSIDAD\IDAT\Proyectos Finales\San Martin\SanMartin_Web\apache-tomcat-8.5.82\apache-tomcat-8.5.82\webapps\ROOT] de la aplicación web
08-Sep-2022 15:40:44.800 INFO [localhost-startStop-1] org.apache.catalina.startup.HostConfig.deployDirectory Deployment of web application directory [D:\GIAN\INSTITUTO - UNIVERSIDAD\IDAT\Proyectos Finales\San Martin\SanMartin_Web\apache-tomcat-8.5.82\apache-tomcat-8.5.82\webapps\ROOT] has finished in [19] ms
08-Sep-2022 15:40:44.802 INFO [main] org.apache.coyote.AbstractProtocol.start Starting ProtocolHandler ["http-nio-8080"]
08-Sep-2022 15:40:44.857 INFO [main] org.apache.catalina.startup.Catalina.start Server startup in 922 ms
08-Sep-2022 15:40:52.186 WARNING [http-nio-8080-exec-4] org.apache.catalina.realm.LockOutRealm.filterLockedAccounts Se ha intentado autenticar al usuario bloqueado []
08-Sep-2022 15:40:52.415 WARNING [http-nio-8080-exec-2] org.apache.catalina.realm.LockOutRealm.filterLockedAccounts Se ha intentado autenticar al usuario bloqueado []
08-Sep-2022 15:40:52.566 WARNING [http-nio-8080-exec-6] org.apache.catalina.realm.LockOutRealm.filterLockedAccounts Se ha intentado autenticar al usuario bloqueado []
08-Sep-2022 15:40:52.742 WARNING [http-nio-8080-exec-8] org.apache.catalina.realm.LockOutRealm.filterLockedAccounts Se ha intentado autenticar al usuario bloqueado []
08-Sep-2022 15:41:04.761 WARNING [http-nio-8080-exec-7] org.apache.catalina.realm.LockOutRealm.filterLockedAccounts Se ha intentado autenticar al usuario bloqueado []
08-Sep-2022 15:41:04.764 WARNING [http-nio-8080-exec-8] org.apache.catalina.realm.LockOutRealm.filterLockedAccounts Se ha intentado autenticar al usuario bloqueado []
08-Sep-2022 15:42:28.816 WARNING [http-nio-8080-exec-2] org.apache.catalina.realm.LockOutRealm.filterLockedAccounts Se ha intentado autenticar al usuario bloqueado []
08-Sep-2022 15:42:28.818 WARNING [http-nio-8080-exec-8] org.apache.catalina.realm.LockOutRealm.filterLockedAccounts Se ha intentado autenticar al usuario bloqueado []
08-Sep-2022 15:48:35.243 INFO [ContainerBackgroundProcessor[StandardEngine[Catalina]]] org.apache.catalina.users.MemoryUserDatabase.backgroundProcess Reloading memory user database [UserDatabase] from updated source [file:/D:/GIAN/INSTITUTO%20-%20UNIVERSIDAD/IDAT/Proyectos%20Finales/San%20Martin/SanMartin_Web/apache-tomcat-8.5.82/apache-tomcat-8.5.82/conf/tomcat-users.xml]
08-Sep-2022 15:48:36.816 INFO [http-nio-8080-exec-1] org.apache.catalina.startup.HostConfig.deployDescriptor Desplieque del descriptor de configuración [D:\GIAN\INSTITUTO - UNIVERSIDAD\IDAT\Proyectos Finales\San Martin\SanMartin_Web\apache-tomcat-8.5.82\apache-tomcat-8.5.82\conf\Catalina\localhost\SanMartin_Web.xml]
08-Sep-2022 15:48:37.106 INFO [http-nio-8080-exec-1] org.apache.jasper.servlet.TldScanner.scanJars Al menos un JAR, que se ha explorado buscando TLDs, aún no contenía TLDs. Activar historial de depuración para este historiador para una completa lista de los JARs que fueron explorados y de los que nos se halló TLDs. Saltarse JARs no necesarios durante la exploración puede dar lugar a una mejora de tiempo significativa en el arranque y compilación de JSP .
08-Sep-2022 15:48:37.111 INFO [http-nio-8080-exec-1] org.apache.catalina.startup.HostConfig.deployDescriptor Deployment of deployment descriptor [D:\GIAN\INSTITUTO - UNIVERSIDAD\IDAT\Proyectos Finales\San Martin\SanMartin_Web\apache-tomcat-8.5.82\apache-tomcat-8.5.82\conf\Catalina\localhost\SanMartin_Web.xml] has finished in [295] ms
08-Sep-2022 15:48:37.114 INFO [http-nio-8080-exec-3] org.apache.catalina.util.LifecycleBase.start The start() method was called on component [StandardEngine[Catalina].StandardHost[localhost].StandardContext[/SanMartin_Web]] after start() had already been called. The second call will be ignored.
08-Sep-2022 15:50:55.046 WARNING [http-nio-8080-exec-2] org.apache.catalina.realm.LockOutRealm.filterLockedAccounts Se ha intentado autenticar al usuario bloqueado []
08-Sep-2022 15:50:55.052 WARNING [http-nio-8080-exec-9] org.apache.catalina.realm.LockOutRealm.filterLockedAccounts Se ha intentado autenticar al usuario bloqueado []
08-Sep-2022 15:52:29.444 WARNING [http-nio-8080-exec-8] org.apache.catalina.realm.LockOutRealm.filterLockedAccounts Se ha intentado autenticar al usuario bloqueado []
08-Sep-2022 15:52:29.447 WARNING [http-nio-8080-exec-10] org.apache.catalina.realm.LockOutRealm.filterLockedAccounts Se ha intentado autenticar al usuario bloqueado []
08-Sep-2022 15:53:12.378 WARNING [http-nio-8080-exec-5] org.apache.catalina.realm.LockOutRealm.filterLockedAccounts Se ha intentado autenticar al usuario bloqueado []
08-Sep-2022 15:53:12.389 WARNING [http-nio-8080-exec-8] org.apache.catalina.realm.LockOutRealm.filterLockedAccounts Se ha intentado autenticar al usuario bloqueado []
08-Sep-2022 15:53:12.411 WARNING [http-nio-8080-exec-7] org.apache.catalina.loader.WebappClassLoaderBase.clearReferencesJdbc La aplicación web [SanMartin_Web] registró el conductor JDBC [com.mysql.jdbc.Driver] pero falló al anular el registro mientras la aplicación web estaba parada. Para prevenir un fallo de memoria, se ha anulado el registro del conductor JDBC por la fuerza.
08-Sep-2022 15:53:12.924 INFO [http-nio-8080-exec-7] org.apache.catalina.startup.HostConfig.undeploy Repliegue (undeploy) de la aplicación web que tiene como trayectoria de contexto [/SanMartin_Web]
08-Sep-2022 15:53:12.930 WARNING [http-nio-8080-exec-10] org.apache.catalina.realm.LockOutRealm.filterLockedAccounts Se ha intentado autenticar al usuario bloqueado []
08-Sep-2022 15:53:12.933 INFO [http-nio-8080-exec-8] org.apache.catalina.startup.HostConfig.deployDescriptor Desplieque del descriptor de configuración [D:\GIAN\INSTITUTO - UNIVERSIDAD\IDAT\Proyectos Finales\San Martin\SanMartin_Web\apache-tomcat-8.5.82\apache-tomcat-8.5.82\conf\Catalina\localhost\SanMartin_Web.xml]
08-Sep-2022 15:53:13.146 INFO [http-nio-8080-exec-8] org.apache.jasper.servlet.TldScanner.scanJars Al menos un JAR, que se ha explorado buscando TLDs, aún no contenía TLDs. Activar historial de depuración para este historiador para una completa lista de los JARs que fueron explorados y de los que nos se halló TLDs. Saltarse JARs no necesarios durante la exploración puede dar lugar a una mejora de tiempo significativa en el arranque y compilación de JSP .
08-Sep-2022 15:53:13.149 INFO [http-nio-8080-exec-8] org.apache.catalina.startup.HostConfig.deployDescriptor Deployment of deployment descriptor [D:\GIAN\INSTITUTO - UNIVERSIDAD\IDAT\Proyectos Finales\San Martin\SanMartin_Web\apache-tomcat-8.5.82\apache-tomcat-8.5.82\conf\Catalina\localhost\SanMartin_Web.xml] has finished in [216] ms
08-Sep-2022 15:53:14.892 WARNING [http-nio-8080-exec-12] org.apache.catalina.realm.LockOutRealm.filterLockedAccounts Se ha intentado autenticar al usuario bloqueado []
08-Sep-2022 15:53:17.896 WARNING [http-nio-8080-exec-6] org.apache.catalina.realm.LockOutRealm.filterLockedAccounts Se ha intentado autenticar al usuario bloqueado []
08-Sep-2022 15:53:17.902 WARNING [http-nio-8080-exec-9] org.apache.catalina.realm.LockOutRealm.filterLockedAccounts Se ha intentado autenticar al usuario bloqueado []
08-Sep-2022 15:53:18.421 INFO [http-nio-8080-exec-12] org.apache.catalina.startup.HostConfig.undeploy Repliegue (undeploy) de la aplicación web que tiene como trayectoria de contexto [/SanMartin_Web]
08-Sep-2022 15:53:18.427 WARNING [http-nio-8080-exec-10] org.apache.catalina.realm.LockOutRealm.filterLockedAccounts Se ha intentado autenticar al usuario bloqueado []
08-Sep-2022 15:53:18.431 INFO [http-nio-8080-exec-11] org.apache.catalina.startup.HostConfig.deployDescriptor Desplieque del descriptor de configuración [D:\GIAN\INSTITUTO - UNIVERSIDAD\IDAT\Proyectos Finales\San Martin\SanMartin_Web\apache-tomcat-8.5.82\apache-tomcat-8.5.82\conf\Catalina\localhost\SanMartin_Web#Pagina_principal.jsp.xml]
08-Sep-2022 15:53:18.641 INFO [http-nio-8080-exec-11] org.apache.jasper.servlet.TldScanner.scanJars Al menos un JAR, que se ha explorado buscando TLDs, aún no contenía TLDs. Activar historial de depuración para este historiador para una completa lista de los JARs que fueron explorados y de los que nos se halló TLDs. Saltarse JARs no necesarios durante la exploración puede dar lugar a una mejora de tiempo significativa en el arranque y compilación de JSP .
08-Sep-2022 15:53:18.643 INFO [http-nio-8080-exec-11] org.apache.catalina.startup.HostConfig.deployDescriptor Deployment of deployment descriptor [D:\GIAN\INSTITUTO - UNIVERSIDAD\IDAT\Proyectos Finales\San Martin\SanMartin_Web\apache-tomcat-8.5.82\apache-tomcat-8.5.82\conf\Catalina\localhost\SanMartin_Web#Pagina_principal.jsp.xml] has finished in [211] ms
08-Sep-2022 15:53:18.644 WARNING [http-nio-8080-exec-3] org.apache.catalina.realm.LockOutRealm.filterLockedAccounts Se ha intentado autenticar al usuario bloqueado []
08-Sep-2022 15:53:18.646 INFO [http-nio-8080-exec-1] org.apache.catalina.util.LifecycleBase.start The start() method was called on component [StandardEngine[Catalina].StandardHost[localhost].StandardContext[/SanMartin_Web/Pagina_principal.jsp]] after start() had already been called. The second call will be ignored.
08-Sep-2022 15:54:27.995 WARNING [http-nio-8080-exec-11] org.apache.catalina.realm.LockOutRealm.filterLockedAccounts Se ha intentado autenticar al usuario bloqueado []
08-Sep-2022 15:54:28.001 WARNING [http-nio-8080-exec-18] org.apache.catalina.realm.LockOutRealm.filterLockedAccounts Se ha intentado autenticar al usuario bloqueado []
08-Sep-2022 15:54:28.511 INFO [http-nio-8080-exec-5] org.apache.catalina.startup.HostConfig.undeploy Repliegue (undeploy) de la aplicación web que tiene como trayectoria de contexto [/SanMartin_Web/Pagina_principal.jsp]
08-Sep-2022 15:54:28.519 WARNING [http-nio-8080-exec-20] org.apache.catalina.realm.LockOutRealm.filterLockedAccounts Se ha intentado autenticar al usuario bloqueado []
08-Sep-2022 15:54:28.523 INFO [http-nio-8080-exec-14] org.apache.catalina.startup.HostConfig.deployDescriptor Desplieque del descriptor de configuración [D:\GIAN\INSTITUTO - UNIVERSIDAD\IDAT\Proyectos Finales\San Martin\SanMartin_Web\apache-tomcat-8.5.82\apache-tomcat-8.5.82\conf\Catalina\localhost\SanMartin_Web#Pagina_principal.jsp.xml]
08-Sep-2022 15:54:28.744 INFO [http-nio-8080-exec-14] org.apache.jasper.servlet.TldScanner.scanJars Al menos un JAR, que se ha explorado buscando TLDs, aún no contenía TLDs. Activar historial de depuración para este historiador para una completa lista de los JARs que fueron explorados y de los que nos se halló TLDs. Saltarse JARs no necesarios durante la exploración puede dar lugar a una mejora de tiempo significativa en el arranque y compilación de JSP .
08-Sep-2022 15:54:28.746 INFO [http-nio-8080-exec-14] org.apache.catalina.startup.HostConfig.deployDescriptor Deployment of deployment descriptor [D:\GIAN\INSTITUTO - UNIVERSIDAD\IDAT\Proyectos Finales\San Martin\SanMartin_Web\apache-tomcat-8.5.82\apache-tomcat-8.5.82\conf\Catalina\localhost\SanMartin_Web#Pagina_principal.jsp.xml] has finished in [223] ms
08-Sep-2022 15:54:29.563 WARNING [http-nio-8080-exec-17] org.apache.catalina.realm.LockOutRealm.filterLockedAccounts Se ha intentado autenticar al usuario bloqueado []
08-Sep-2022 15:54:29.566 WARNING [http-nio-8080-exec-19] org.apache.catalina.realm.LockOutRealm.filterLockedAccounts Se ha intentado autenticar al usuario bloqueado []
08-Sep-2022 15:54:29.570 WARNING [http-nio-8080-exec-20] org.apache.catalina.realm.LockOutRealm.filterLockedAccounts Se ha intentado autenticar al usuario bloqueado []
08-Sep-2022 15:54:30.080 INFO [http-nio-8080-exec-18] org.apache.catalina.startup.HostConfig.undeploy Repliegue (undeploy) de la aplicación web que tiene como trayectoria de contexto [/SanMartin_Web/Pagina_principal.jsp]
08-Sep-2022 15:54:30.085 WARNING [http-nio-8080-exec-5] org.apache.catalina.realm.LockOutRealm.filterLockedAccounts Se ha intentado autenticar al usuario bloqueado []
08-Sep-2022 15:54:30.088 INFO [http-nio-8080-exec-17] org.apache.catalina.startup.HostConfig.deployDescriptor Desplieque del descriptor de configuración [D:\GIAN\INSTITUTO - UNIVERSIDAD\IDAT\Proyectos Finales\San Martin\SanMartin_Web\apache-tomcat-8.5.82\apache-tomcat-8.5.82\conf\Catalina\localhost\SanMartin_Web.xml]
08-Sep-2022 15:54:30.292 INFO [http-nio-8080-exec-17] org.apache.jasper.servlet.TldScanner.scanJars Al menos un JAR, que se ha explorado buscando TLDs, aún no contenía TLDs. Activar historial de depuración para este historiador para una completa lista de los JARs que fueron explorados y de los que nos se halló TLDs. Saltarse JARs no necesarios durante la exploración puede dar lugar a una mejora de tiempo significativa en el arranque y compilación de JSP .
08-Sep-2022 15:54:30.294 INFO [http-nio-8080-exec-17] org.apache.catalina.startup.HostConfig.deployDescriptor Deployment of deployment descriptor [D:\GIAN\INSTITUTO - UNIVERSIDAD\IDAT\Proyectos Finales\San Martin\SanMartin_Web\apache-tomcat-8.5.82\apache-tomcat-8.5.82\conf\Catalina\localhost\SanMartin_Web.xml] has finished in [206] ms
08-Sep-2022 15:54:30.295 WARNING [http-nio-8080-exec-22] org.apache.catalina.realm.LockOutRealm.filterLockedAccounts Se ha intentado autenticar al usuario bloqueado []
08-Sep-2022 15:54:30.297 INFO [http-nio-8080-exec-19] org.apache.catalina.util.LifecycleBase.start The start() method was called on component [StandardEngine[Catalina].StandardHost[localhost].StandardContext[/SanMartin_Web]] after start() had already been called. The second call will be ignored.
08-Sep-2022 15:54:58.082 WARNING [http-nio-8080-exec-16] org.apache.catalina.realm.LockOutRealm.filterLockedAccounts Se ha intentado autenticar al usuario bloqueado []
08-Sep-2022 15:54:58.087 WARNING [http-nio-8080-exec-21] org.apache.catalina.realm.LockOutRealm.filterLockedAccounts Se ha intentado autenticar al usuario bloqueado []
08-Sep-2022 15:54:58.603 INFO [http-nio-8080-exec-23] org.apache.catalina.startup.HostConfig.undeploy Repliegue (undeploy) de la aplicación web que tiene como trayectoria de contexto [/SanMartin_Web]
08-Sep-2022 15:54:58.608 WARNING [http-nio-8080-exec-25] org.apache.catalina.realm.LockOutRealm.filterLockedAccounts Se ha intentado autenticar al usuario bloqueado []
08-Sep-2022 15:54:58.610 INFO [http-nio-8080-exec-24] org.apache.catalina.startup.HostConfig.deployDescriptor Desplieque del descriptor de configuración [D:\GIAN\INSTITUTO - UNIVERSIDAD\IDAT\Proyectos Finales\San Martin\SanMartin_Web\apache-tomcat-8.5.82\apache-tomcat-8.5.82\conf\Catalina\localhost\SanMartin_Web.xml]
08-Sep-2022 15:54:58.814 INFO [http-nio-8080-exec-24] org.apache.jasper.servlet.TldScanner.scanJars Al menos un JAR, que se ha explorado buscando TLDs, aún no contenía TLDs. Activar historial de depuración para este historiador para una completa lista de los JARs que fueron explorados y de los que nos se halló TLDs. Saltarse JARs no necesarios durante la exploración puede dar lugar a una mejora de tiempo significativa en el arranque y compilación de JSP .
08-Sep-2022 15:54:58.816 INFO [http-nio-8080-exec-24] org.apache.catalina.startup.HostConfig.deployDescriptor Deployment of deployment descriptor [D:\GIAN\INSTITUTO - UNIVERSIDAD\IDAT\Proyectos Finales\San Martin\SanMartin_Web\apache-tomcat-8.5.82\apache-tomcat-8.5.82\conf\Catalina\localhost\SanMartin_Web.xml] has finished in [206] ms
08-Sep-2022 15:55:05.724 WARNING [http-nio-8080-exec-29] org.apache.catalina.realm.LockOutRealm.filterLockedAccounts Se ha intentado autenticar al usuario bloqueado []
08-Sep-2022 15:55:05.728 WARNING [http-nio-8080-exec-28] org.apache.catalina.realm.LockOutRealm.filterLockedAccounts Se ha intentado autenticar al usuario bloqueado []
08-Sep-2022 15:55:05.732 WARNING [http-nio-8080-exec-25] org.apache.catalina.realm.LockOutRealm.filterLockedAccounts Se ha intentado autenticar al usuario bloqueado []
08-Sep-2022 15:55:06.244 INFO [http-nio-8080-exec-19] org.apache.catalina.startup.HostConfig.undeploy Repliegue (undeploy) de la aplicación web que tiene como trayectoria de contexto [/SanMartin_Web]
08-Sep-2022 15:55:06.251 WARNING [http-nio-8080-exec-29] org.apache.catalina.realm.LockOutRealm.filterLockedAccounts Se ha intentado autenticar al usuario bloqueado []
08-Sep-2022 15:55:06.253 INFO [http-nio-8080-exec-20] org.apache.catalina.startup.HostConfig.deployDescriptor Desplieque del descriptor de configuración [D:\GIAN\INSTITUTO - UNIVERSIDAD\IDAT\Proyectos Finales\San Martin\SanMartin_Web\apache-tomcat-8.5.82\apache-tomcat-8.5.82\conf\Catalina\localhost\SanMartin_Web#Pagina_principal.jsp.xml]
08-Sep-2022 15:55:06.471 INFO [http-nio-8080-exec-20] org.apache.jasper.servlet.TldScanner.scanJars Al menos un JAR, que se ha explorado buscando TLDs, aún no contenía TLDs. Activar historial de depuración para este historiador para una completa lista de los JARs que fueron explorados y de los que nos se halló TLDs. Saltarse JARs no necesarios durante la exploración puede dar lugar a una mejora de tiempo significativa en el arranque y compilación de JSP .
08-Sep-2022 15:55:06.475 INFO [http-nio-8080-exec-20] org.apache.catalina.startup.HostConfig.deployDescriptor Deployment of deployment descriptor [D:\GIAN\INSTITUTO - UNIVERSIDAD\IDAT\Proyectos Finales\San Martin\SanMartin_Web\apache-tomcat-8.5.82\apache-tomcat-8.5.82\conf\Catalina\localhost\SanMartin_Web#Pagina_principal.jsp.xml] has finished in [222] ms
08-Sep-2022 15:55:06.477 WARNING [http-nio-8080-exec-17] org.apache.catalina.realm.LockOutRealm.filterLockedAccounts Se ha intentado autenticar al usuario bloqueado []
08-Sep-2022 15:55:06.478 INFO [http-nio-8080-exec-21] org.apache.catalina.util.LifecycleBase.start The start() method was called on component [StandardEngine[Catalina].StandardHost[localhost].StandardContext[/SanMartin_Web/Pagina_principal.jsp]] after start() had already been called. The second call will be ignored.
08-Sep-2022 15:55:38.515 WARNING [http-nio-8080-exec-35] org.apache.catalina.realm.LockOutRealm.filterLockedAccounts Se ha intentado autenticar al usuario bloqueado []
08-Sep-2022 15:55:38.521 WARNING [http-nio-8080-exec-30] org.apache.catalina.realm.LockOutRealm.filterLockedAccounts Se ha intentado autenticar al usuario bloqueado []
08-Sep-2022 15:55:39.041 INFO [http-nio-8080-exec-28] org.apache.catalina.startup.HostConfig.undeploy Repliegue (undeploy) de la aplicación web que tiene como trayectoria de contexto [/SanMartin_Web/Pagina_principal.jsp]
08-Sep-2022 15:55:39.045 WARNING [http-nio-8080-exec-31] org.apache.catalina.realm.LockOutRealm.filterLockedAccounts Se ha intentado autenticar al usuario bloqueado []
08-Sep-2022 15:55:39.048 INFO [http-nio-8080-exec-34] org.apache.catalina.startup.HostConfig.deployDescriptor Desplieque del descriptor de configuración [D:\GIAN\INSTITUTO - UNIVERSIDAD\IDAT\Proyectos Finales\San Martin\SanMartin_Web\apache-tomcat-8.5.82\apache-tomcat-8.5.82\conf\Catalina\localhost\SanMartin_Web#Pagina_principal.jsp.xml]
08-Sep-2022 15:55:39.247 INFO [http-nio-8080-exec-34] org.apache.jasper.servlet.TldScanner.scanJars Al menos un JAR, que se ha explorado buscando TLDs, aún no contenía TLDs. Activar historial de depuración para este historiador para una completa lista de los JARs que fueron explorados y de los que nos se halló TLDs. Saltarse JARs no necesarios durante la exploración puede dar lugar a una mejora de tiempo significativa en el arranque y compilación de JSP .
08-Sep-2022 15:55:39.249 INFO [http-nio-8080-exec-34] org.apache.catalina.startup.HostConfig.deployDescriptor Deployment of deployment descriptor [D:\GIAN\INSTITUTO - UNIVERSIDAD\IDAT\Proyectos Finales\San Martin\SanMartin_Web\apache-tomcat-8.5.82\apache-tomcat-8.5.82\conf\Catalina\localhost\SanMartin_Web#Pagina_principal.jsp.xml] has finished in [201] ms
08-Sep-2022 15:58:41.180 WARNING [http-nio-8080-exec-36] org.apache.catalina.realm.LockOutRealm.filterLockedAccounts Se ha intentado autenticar al usuario bloqueado []
08-Sep-2022 15:58:41.184 WARNING [http-nio-8080-exec-30] org.apache.catalina.realm.LockOutRealm.filterLockedAccounts Se ha intentado autenticar al usuario bloqueado []
08-Sep-2022 15:58:41.190 WARNING [http-nio-8080-exec-39] org.apache.catalina.realm.LockOutRealm.filterLockedAccounts Se ha intentado autenticar al usuario bloqueado []
08-Sep-2022 15:58:41.710 INFO [http-nio-8080-exec-36] org.apache.catalina.startup.HostConfig.undeploy Repliegue (undeploy) de la aplicación web que tiene como trayectoria de contexto [/SanMartin_Web/Pagina_principal.jsp]
08-Sep-2022 15:58:41.718 WARNING [http-nio-8080-exec-30] org.apache.catalina.realm.LockOutRealm.filterLockedAccounts Se ha intentado autenticar al usuario bloqueado []
08-Sep-2022 15:58:41.722 INFO [http-nio-8080-exec-37] org.apache.catalina.startup.HostConfig.deployDescriptor Desplieque del descriptor de configuración [D:\GIAN\INSTITUTO - UNIVERSIDAD\IDAT\Proyectos Finales\San Martin\SanMartin_Web\apache-tomcat-8.5.82\apache-tomcat-8.5.82\conf\Catalina\localhost\SanMartin_Web.xml]
08-Sep-2022 15:58:41.944 INFO [http-nio-8080-exec-37] org.apache.jasper.servlet.TldScanner.scanJars Al menos un JAR, que se ha explorado buscando TLDs, aún no contenía TLDs. Activar historial de depuración para este historiador para una completa lista de los JARs que fueron explorados y de los que nos se halló TLDs. Saltarse JARs no necesarios durante la exploración puede dar lugar a una mejora de tiempo significativa en el arranque y compilación de JSP .
08-Sep-2022 15:58:41.947 INFO [http-nio-8080-exec-37] org.apache.catalina.startup.HostConfig.deployDescriptor Deployment of deployment descriptor [D:\GIAN\INSTITUTO - UNIVERSIDAD\IDAT\Proyectos Finales\San Martin\SanMartin_Web\apache-tomcat-8.5.82\apache-tomcat-8.5.82\conf\Catalina\localhost\SanMartin_Web.xml] has finished in [225] ms
08-Sep-2022 15:58:41.949 WARNING [http-nio-8080-exec-27] org.apache.catalina.realm.LockOutRealm.filterLockedAccounts Se ha intentado autenticar al usuario bloqueado []
08-Sep-2022 15:58:41.951 INFO [http-nio-8080-exec-25] org.apache.catalina.util.LifecycleBase.start The start() method was called on component [StandardEngine[Catalina].StandardHost[localhost].StandardContext[/SanMartin_Web]] after start() had already been called. The second call will be ignored.
08-Sep-2022 16:01:14.126 WARNING [http-nio-8080-exec-42] org.apache.catalina.realm.LockOutRealm.filterLockedAccounts Se ha intentado autenticar al usuario bloqueado []
08-Sep-2022 16:01:14.453 WARNING [http-nio-8080-exec-39] org.apache.catalina.realm.LockOutRealm.filterLockedAccounts Se ha intentado autenticar al usuario bloqueado []
08-Sep-2022 16:01:17.714 WARNING [http-nio-8080-exec-45] org.apache.catalina.realm.LockOutRealm.filterLockedAccounts Se ha intentado autenticar al usuario bloqueado []
08-Sep-2022 16:01:17.714 WARNING [http-nio-8080-exec-44] org.apache.catalina.realm.LockOutRealm.filterLockedAccounts Se ha intentado autenticar al usuario bloqueado []
08-Sep-2022 16:08:15.592 WARNING [http-nio-8080-exec-49] org.apache.catalina.realm.LockOutRealm.filterLockedAccounts Se ha intentado autenticar al usuario bloqueado []
08-Sep-2022 16:08:15.596 WARNING [http-nio-8080-exec-44] org.apache.catalina.realm.LockOutRealm.filterLockedAccounts Se ha intentado autenticar al usuario bloqueado []
08-Sep-2022 16:09:32.446 WARNING [http-nio-8080-exec-41] org.apache.catalina.realm.LockOutRealm.filterLockedAccounts Se ha intentado autenticar al usuario bloqueado []
08-Sep-2022 16:09:32.450 WARNING [http-nio-8080-exec-49] org.apache.catalina.realm.LockOutRealm.filterLockedAccounts Se ha intentado autenticar al usuario bloqueado []
08-Sep-2022 16:09:39.604 WARNING [http-nio-8080-exec-42] org.apache.catalina.realm.LockOutRealm.filterLockedAccounts Se ha intentado autenticar al usuario bloqueado []
08-Sep-2022 16:09:39.607 WARNING [http-nio-8080-exec-41] org.apache.catalina.realm.LockOutRealm.filterLockedAccounts Se ha intentado autenticar al usuario bloqueado []
08-Sep-2022 16:10:02.598 WARNING [http-nio-8080-exec-49] org.apache.catalina.realm.LockOutRealm.filterLockedAccounts Se ha intentado autenticar al usuario bloqueado []
08-Sep-2022 16:10:02.602 WARNING [http-nio-8080-exec-46] org.apache.catalina.realm.LockOutRealm.filterLockedAccounts Se ha intentado autenticar al usuario bloqueado []
08-Sep-2022 16:11:00.547 WARNING [http-nio-8080-exec-43] org.apache.catalina.realm.LockOutRealm.filterLockedAccounts Se ha intentado autenticar al usuario bloqueado []
08-Sep-2022 16:11:00.560 WARNING [http-nio-8080-exec-48] org.apache.catalina.realm.LockOutRealm.filterLockedAccounts Se ha intentado autenticar al usuario bloqueado []
08-Sep-2022 16:11:01.076 INFO [http-nio-8080-exec-46] org.apache.catalina.startup.HostConfig.undeploy Repliegue (undeploy) de la aplicación web que tiene como trayectoria de contexto [/SanMartin_Web]
08-Sep-2022 16:11:07.027 WARNING [http-nio-8080-exec-44] org.apache.catalina.realm.LockOutRealm.filterLockedAccounts Se ha intentado autenticar al usuario bloqueado []
08-Sep-2022 16:11:12.123 WARNING [http-nio-8080-exec-48] org.apache.catalina.realm.LockOutRealm.filterLockedAccounts Se ha intentado autenticar al usuario bloqueado []
08-Sep-2022 16:11:12.126 WARNING [http-nio-8080-exec-50] org.apache.catalina.realm.LockOutRealm.filterLockedAccounts Se ha intentado autenticar al usuario bloqueado []
08-Sep-2022 16:11:12.131 WARNING [http-nio-8080-exec-49] org.apache.catalina.realm.LockOutRealm.filterLockedAccounts Se ha intentado autenticar al usuario bloqueado []
08-Sep-2022 16:11:12.137 INFO [http-nio-8080-exec-48] org.apache.catalina.startup.HostConfig.deployDescriptor Desplieque del descriptor de configuración [D:\GIAN\INSTITUTO - UNIVERSIDAD\IDAT\Proyectos Finales\San Martin\SanMartin_Web\apache-tomcat-8.5.82\apache-tomcat-8.5.82\conf\Catalina\localhost\SanMartin_Web.xml]
08-Sep-2022 16:11:12.330 INFO [http-nio-8080-exec-48] org.apache.jasper.servlet.TldScanner.scanJars Al menos un JAR, que se ha explorado buscando TLDs, aún no contenía TLDs. Activar historial de depuración para este historiador para una completa lista de los JARs que fueron explorados y de los que nos se halló TLDs. Saltarse JARs no necesarios durante la exploración puede dar lugar a una mejora de tiempo significativa en el arranque y compilación de JSP .
08-Sep-2022 16:11:12.333 INFO [http-nio-8080-exec-48] org.apache.catalina.startup.HostConfig.deployDescriptor Deployment of deployment descriptor [D:\GIAN\INSTITUTO - UNIVERSIDAD\IDAT\Proyectos Finales\San Martin\SanMartin_Web\apache-tomcat-8.5.82\apache-tomcat-8.5.82\conf\Catalina\localhost\SanMartin_Web.xml] has finished in [194] ms
08-Sep-2022 16:11:12.335 WARNING [http-nio-8080-exec-41] org.apache.catalina.realm.LockOutRealm.filterLockedAccounts Se ha intentado autenticar al usuario bloqueado []
08-Sep-2022 16:11:12.338 INFO [http-nio-8080-exec-45] org.apache.catalina.util.LifecycleBase.start The start() method was called on component [StandardEngine[Catalina].StandardHost[localhost].StandardContext[/SanMartin_Web]] after start() had already been called. The second call will be ignored.
08-Sep-2022 16:12:53.836 WARNING [http-nio-8080-exec-52] org.apache.catalina.realm.LockOutRealm.filterLockedAccounts Se ha intentado autenticar al usuario bloqueado []
08-Sep-2022 16:12:53.838 WARNING [http-nio-8080-exec-40] org.apache.catalina.realm.LockOutRealm.filterLockedAccounts Se ha intentado autenticar al usuario bloqueado []
08-Sep-2022 16:13:57.453 WARNING [http-nio-8080-exec-53] org.apache.catalina.realm.LockOutRealm.filterLockedAccounts Se ha intentado autenticar al usuario bloqueado []
08-Sep-2022 16:13:57.459 WARNING [http-nio-8080-exec-52] org.apache.catalina.realm.LockOutRealm.filterLockedAccounts Se ha intentado autenticar al usuario bloqueado []
08-Sep-2022 16:15:00.336 WARNING [http-nio-8080-exec-54] org.apache.catalina.realm.LockOutRealm.filterLockedAccounts Se ha intentado autenticar al usuario bloqueado []
08-Sep-2022 16:15:00.346 WARNING [http-nio-8080-exec-55] org.apache.catalina.realm.LockOutRealm.filterLockedAccounts Se ha intentado autenticar al usuario bloqueado []
08-Sep-2022 16:15:00.858 INFO [http-nio-8080-exec-53] org.apache.catalina.startup.HostConfig.undeploy Repliegue (undeploy) de la aplicación web que tiene como trayectoria de contexto [/SanMartin_Web]
08-Sep-2022 16:15:03.123 WARNING [http-nio-8080-exec-60] org.apache.catalina.realm.LockOutRealm.filterLockedAccounts Se ha intentado autenticar al usuario bloqueado []
08-Sep-2022 16:15:03.127 WARNING [http-nio-8080-exec-54] org.apache.catalina.realm.LockOutRealm.filterLockedAccounts Se ha intentado autenticar al usuario bloqueado []
08-Sep-2022 16:15:03.136 WARNING [http-nio-8080-exec-60] org.apache.catalina.realm.LockOutRealm.filterLockedAccounts Se ha intentado autenticar al usuario bloqueado []
08-Sep-2022 16:15:03.148 INFO [http-nio-8080-exec-50] org.apache.catalina.startup.HostConfig.deployDescriptor Desplieque del descriptor de configuración [D:\GIAN\INSTITUTO - UNIVERSIDAD\IDAT\Proyectos Finales\San Martin\SanMartin_Web\apache-tomcat-8.5.82\apache-tomcat-8.5.82\conf\Catalina\localhost\SanMartin_Web.xml]
08-Sep-2022 16:15:03.343 INFO [http-nio-8080-exec-50] org.apache.jasper.servlet.TldScanner.scanJars Al menos un JAR, que se ha explorado buscando TLDs, aún no contenía TLDs. Activar historial de depuración para este historiador para una completa lista de los JARs que fueron explorados y de los que nos se halló TLDs. Saltarse JARs no necesarios durante la exploración puede dar lugar a una mejora de tiempo significativa en el arranque y compilación de JSP .
08-Sep-2022 16:15:03.346 INFO [http-nio-8080-exec-50] org.apache.catalina.startup.HostConfig.deployDescriptor Deployment of deployment descriptor [D:\GIAN\INSTITUTO - UNIVERSIDAD\IDAT\Proyectos Finales\San Martin\SanMartin_Web\apache-tomcat-8.5.82\apache-tomcat-8.5.82\conf\Catalina\localhost\SanMartin_Web.xml] has finished in [198] ms
08-Sep-2022 16:15:03.348 WARNING [http-nio-8080-exec-52] org.apache.catalina.realm.LockOutRealm.filterLockedAccounts Se ha intentado autenticar al usuario bloqueado []
08-Sep-2022 16:15:03.350 INFO [http-nio-8080-exec-59] org.apache.catalina.util.LifecycleBase.start The start() method was called on component [StandardEngine[Catalina].StandardHost[localhost].StandardContext[/SanMartin_Web]] after start() had already been called. The second call will be ignored.
08-Sep-2022 16:18:31.418 WARNING [http-nio-8080-exec-66] org.apache.catalina.realm.LockOutRealm.filterLockedAccounts Se ha intentado autenticar al usuario bloqueado []
08-Sep-2022 16:18:31.424 WARNING [http-nio-8080-exec-56] org.apache.catalina.realm.LockOutRealm.filterLockedAccounts Se ha intentado autenticar al usuario bloqueado []
08-Sep-2022 16:18:31.430 WARNING [http-nio-8080-exec-63] org.apache.catalina.realm.LockOutRealm.filterLockedAccounts Se ha intentado autenticar al usuario bloqueado []
08-Sep-2022 16:18:31.949 INFO [http-nio-8080-exec-65] org.apache.catalina.startup.HostConfig.undeploy Repliegue (undeploy) de la aplicación web que tiene como trayectoria de contexto [/SanMartin_Web]
08-Sep-2022 16:18:31.955 WARNING [http-nio-8080-exec-62] org.apache.catalina.realm.LockOutRealm.filterLockedAccounts Se ha intentado autenticar al usuario bloqueado []
08-Sep-2022 16:18:31.960 INFO [http-nio-8080-exec-63] org.apache.catalina.startup.HostConfig.deployDescriptor Desplieque del descriptor de configuración [D:\GIAN\INSTITUTO - UNIVERSIDAD\IDAT\Proyectos Finales\San Martin\SanMartin_Web\apache-tomcat-8.5.82\apache-tomcat-8.5.82\conf\Catalina\localhost\SanMartin_Web.xml]
08-Sep-2022 16:18:32.147 INFO [http-nio-8080-exec-63] org.apache.jasper.servlet.TldScanner.scanJars Al menos un JAR, que se ha explorado buscando TLDs, aún no contenía TLDs. Activar historial de depuración para este historiador para una completa lista de los JARs que fueron explorados y de los que nos se halló TLDs. Saltarse JARs no necesarios durante la exploración puede dar lugar a una mejora de tiempo significativa en el arranque y compilación de JSP .
08-Sep-2022 16:18:32.149 INFO [http-nio-8080-exec-63] org.apache.catalina.startup.HostConfig.deployDescriptor Deployment of deployment descriptor [D:\GIAN\INSTITUTO - UNIVERSIDAD\IDAT\Proyectos Finales\San Martin\SanMartin_Web\apache-tomcat-8.5.82\apache-tomcat-8.5.82\conf\Catalina\localhost\SanMartin_Web.xml] has finished in [189] ms
08-Sep-2022 16:18:32.151 WARNING [http-nio-8080-exec-58] org.apache.catalina.realm.LockOutRealm.filterLockedAccounts Se ha intentado autenticar al usuario bloqueado []
08-Sep-2022 16:18:32.154 INFO [http-nio-8080-exec-60] org.apache.catalina.util.LifecycleBase.start The start() method was called on component [StandardEngine[Catalina].StandardHost[localhost].StandardContext[/SanMartin_Web]] after start() had already been called. The second call will be ignored.
08-Sep-2022 16:19:41.545 WARNING [main] org.apache.catalina.core.StandardServer.await Invalid shutdown command [GET /SanMartin_Web/Pagina_principal.jsp HTTP/1.1] received
08-Sep-2022 16:19:42.581 WARNING [main] org.apache.catalina.core.StandardServer.await Invalid shutdown command [GET /SanMartin_Web/Pagina_principal.jsp HTTP/1.1] received
08-Sep-2022 16:19:42.581 WARNING [main] org.apache.catalina.core.StandardServer.await Invalid shutdown command [GET /SanMartin_Web/Pagina_principal.jsp HTTP/1.1] received
08-Sep-2022 16:19:42.889 WARNING [main] org.apache.catalina.core.StandardServer.await Invalid shutdown command [GET /SanMartin_Web/Pagina_principal.jsp HTTP/1.1] received
08-Sep-2022 16:19:53.152 WARNING [main] org.apache.catalina.core.StandardServer.await An IO exception occurred trying to read the shutdown command
	java.net.SocketTimeoutException: Read timed out
		at java.base/sun.nio.ch.NioSocketImpl.timedRead(NioSocketImpl.java:280)
		at java.base/sun.nio.ch.NioSocketImpl.implRead(NioSocketImpl.java:306)
		at java.base/sun.nio.ch.NioSocketImpl.read(NioSocketImpl.java:347)
		at java.base/sun.nio.ch.NioSocketImpl$1.read(NioSocketImpl.java:800)
		at java.base/java.net.Socket$SocketInputStream.read(Socket.java:966)
		at java.base/java.net.Socket$SocketInputStream.read(Socket.java:961)
		at org.apache.catalina.core.StandardServer.await(StandardServer.java:503)
		at org.apache.catalina.startup.Catalina.await(Catalina.java:783)
		at org.apache.catalina.startup.Catalina.start(Catalina.java:729)
		at java.base/jdk.internal.reflect.DirectMethodHandleAccessor.invoke(DirectMethodHandleAccessor.java:104)
		at java.base/java.lang.reflect.Method.invoke(Method.java:577)
		at org.apache.catalina.startup.Bootstrap.start(Bootstrap.java:345)
		at org.apache.catalina.startup.Bootstrap.main(Bootstrap.java:476)
08-Sep-2022 16:19:53.153 WARNING [main] org.apache.catalina.core.StandardServer.await Invalid shutdown command [] received
08-Sep-2022 16:20:02.126 WARNING [http-nio-8080-exec-68] org.apache.catalina.realm.LockOutRealm.filterLockedAccounts Se ha intentado autenticar al usuario bloqueado []
08-Sep-2022 16:20:02.448 WARNING [http-nio-8080-exec-75] org.apache.catalina.realm.LockOutRealm.filterLockedAccounts Se ha intentado autenticar al usuario bloqueado []
08-Sep-2022 16:20:27.984 WARNING [http-nio-8080-exec-77] org.apache.catalina.realm.LockOutRealm.filterLockedAccounts Se ha intentado autenticar al usuario bloqueado []
08-Sep-2022 16:20:27.987 WARNING [http-nio-8080-exec-74] org.apache.catalina.realm.LockOutRealm.filterLockedAccounts Se ha intentado autenticar al usuario bloqueado []
08-Sep-2022 16:26:04.402 INFO [http-nio-8080-exec-72] org.apache.catalina.core.StandardContext.reload Ha comenzado la recarga de Contexto [/SanMartin_Web]
08-Sep-2022 16:26:04.409 WARNING [http-nio-8080-exec-72] org.apache.catalina.loader.WebappClassLoaderBase.clearReferencesJdbc La aplicación web [SanMartin_Web] registró el conductor JDBC [com.mysql.cj.jdbc.Driver] pero falló al anular el registro mientras la aplicación web estaba parada. Para prevenir un fallo de memoria, se ha anulado el registro del conductor JDBC por la fuerza.
08-Sep-2022 16:26:04.410 WARNING [http-nio-8080-exec-72] org.apache.catalina.loader.WebappClassLoaderBase.clearReferencesThreads The web application [SanMartin_Web] appears to have started a thread named [mysql-cj-abandoned-connection-cleanup] but has failed to stop it. This is very likely to create a memory leak. Stack trace of thread:
 java.base@18.0.2.1/java.lang.Object.wait(Native Method)
 java.base@18.0.2.1/java.lang.ref.ReferenceQueue.remove(ReferenceQueue.java:155)
 com.mysql.cj.jdbc.AbandonedConnectionCleanupThread.run(AbandonedConnectionCleanupThread.java:91)
 java.base@18.0.2.1/java.util.concurrent.ThreadPoolExecutor.runWorker(ThreadPoolExecutor.java:1136)
 java.base@18.0.2.1/java.util.concurrent.ThreadPoolExecutor$Worker.run(ThreadPoolExecutor.java:635)
 java.base@18.0.2.1/java.lang.Thread.run(Thread.java:833)
08-Sep-2022 16:26:04.675 INFO [http-nio-8080-exec-72] org.apache.jasper.servlet.TldScanner.scanJars Al menos un JAR, que se ha explorado buscando TLDs, aún no contenía TLDs. Activar historial de depuración para este historiador para una completa lista de los JARs que fueron explorados y de los que nos se halló TLDs. Saltarse JARs no necesarios durante la exploración puede dar lugar a una mejora de tiempo significativa en el arranque y compilación de JSP .
08-Sep-2022 16:26:04.690 INFO [http-nio-8080-exec-72] org.apache.catalina.core.StandardContext.reload Se ha completado la recarga de este Contexto
08-Sep-2022 16:26:05.015 INFO [http-nio-8080-exec-73] org.apache.catalina.core.StandardContext.reload Ha comenzado la recarga de Contexto [/SanMartin_Web]
08-Sep-2022 16:26:05.224 INFO [http-nio-8080-exec-73] org.apache.jasper.servlet.TldScanner.scanJars Al menos un JAR, que se ha explorado buscando TLDs, aún no contenía TLDs. Activar historial de depuración para este historiador para una completa lista de los JARs que fueron explorados y de los que nos se halló TLDs. Saltarse JARs no necesarios durante la exploración puede dar lugar a una mejora de tiempo significativa en el arranque y compilación de JSP .
08-Sep-2022 16:26:05.228 INFO [http-nio-8080-exec-73] org.apache.catalina.core.StandardContext.reload Se ha completado la recarga de este Contexto
08-Sep-2022 16:26:09.324 INFO [mysql-cj-abandoned-connection-cleanup] org.apache.catalina.loader.WebappClassLoaderBase.checkStateForResourceLoading Acceso ilegal: esta instancia de aplicación web ya ha sido parada.  Could not load [].  La eventual traza de pila que sigue ha sido motivada por un error lanzado con motivos de depuración así como para intentar terminar el hilo que motivó el acceso ilegal y no tiene impacto funcional.
	java.lang.IllegalStateException: Acceso ilegal: esta instancia de aplicación web ya ha sido parada.  Could not load [].  La eventual traza de pila que sigue ha sido motivada por un error lanzado con motivos de depuración así como para intentar terminar el hilo que motivó el acceso ilegal y no tiene impacto funcional.
		at org.apache.catalina.loader.WebappClassLoaderBase.checkStateForResourceLoading(WebappClassLoaderBase.java:1440)
		at org.apache.catalina.loader.WebappClassLoaderBase.getResource(WebappClassLoaderBase.java:1065)
		at com.mysql.cj.jdbc.AbandonedConnectionCleanupThread.checkThreadContextClassLoader(AbandonedConnectionCleanupThread.java:123)
		at com.mysql.cj.jdbc.AbandonedConnectionCleanupThread.run(AbandonedConnectionCleanupThread.java:90)
		at java.base/java.util.concurrent.ThreadPoolExecutor.runWorker(ThreadPoolExecutor.java:1136)
		at java.base/java.util.concurrent.ThreadPoolExecutor$Worker.run(ThreadPoolExecutor.java:635)
		at java.base/java.lang.Thread.run(Thread.java:833)
08-Sep-2022 16:36:39.634 WARNING [http-nio-8080-exec-81] org.apache.catalina.realm.LockOutRealm.filterLockedAccounts Se ha intentado autenticar al usuario bloqueado []
08-Sep-2022 16:36:39.639 WARNING [http-nio-8080-exec-84] org.apache.catalina.realm.LockOutRealm.filterLockedAccounts Se ha intentado autenticar al usuario bloqueado []
08-Sep-2022 16:36:39.641 INFO [http-nio-8080-exec-86] org.apache.catalina.core.StandardContext.reload Ha comenzado la recarga de Contexto [/SanMartin_Web]
08-Sep-2022 16:36:39.826 INFO [http-nio-8080-exec-86] org.apache.jasper.servlet.TldScanner.scanJars Al menos un JAR, que se ha explorado buscando TLDs, aún no contenía TLDs. Activar historial de depuración para este historiador para una completa lista de los JARs que fueron explorados y de los que nos se halló TLDs. Saltarse JARs no necesarios durante la exploración puede dar lugar a una mejora de tiempo significativa en el arranque y compilación de JSP .
08-Sep-2022 16:36:39.829 INFO [http-nio-8080-exec-86] org.apache.catalina.core.StandardContext.reload Se ha completado la recarga de este Contexto
08-Sep-2022 16:45:29.207 WARNING [http-nio-8080-exec-90] org.apache.catalina.realm.LockOutRealm.filterLockedAccounts Se ha intentado autenticar al usuario bloqueado []
08-Sep-2022 16:45:29.209 INFO [http-nio-8080-exec-92] org.apache.catalina.core.StandardContext.reload Ha comenzado la recarga de Contexto [/SanMartin_Web]
08-Sep-2022 16:45:29.411 INFO [http-nio-8080-exec-92] org.apache.jasper.servlet.TldScanner.scanJars Al menos un JAR, que se ha explorado buscando TLDs, aún no contenía TLDs. Activar historial de depuración para este historiador para una completa lista de los JARs que fueron explorados y de los que nos se halló TLDs. Saltarse JARs no necesarios durante la exploración puede dar lugar a una mejora de tiempo significativa en el arranque y compilación de JSP .
08-Sep-2022 16:45:29.414 INFO [http-nio-8080-exec-92] org.apache.catalina.core.StandardContext.reload Se ha completado la recarga de este Contexto
08-Sep-2022 16:46:49.993 WARNING [http-nio-8080-exec-102] org.apache.catalina.realm.LockOutRealm.filterLockedAccounts Se ha intentado autenticar al usuario bloqueado []
08-Sep-2022 16:47:08.648 WARNING [http-nio-8080-exec-102] org.apache.catalina.realm.LockOutRealm.filterLockedAccounts Se ha intentado autenticar al usuario bloqueado []
08-Sep-2022 16:47:21.590 WARNING [http-nio-8080-exec-104] org.apache.catalina.realm.LockOutRealm.filterLockedAccounts Se ha intentado autenticar al usuario bloqueado []
08-Sep-2022 16:47:22.156 WARNING [http-nio-8080-exec-97] org.apache.catalina.realm.LockOutRealm.filterLockedAccounts Se ha intentado autenticar al usuario bloqueado []
08-Sep-2022 16:47:22.597 WARNING [http-nio-8080-exec-100] org.apache.catalina.realm.LockOutRealm.filterLockedAccounts Se ha intentado autenticar al usuario bloqueado []
08-Sep-2022 16:47:23.261 WARNING [http-nio-8080-exec-107] org.apache.catalina.realm.LockOutRealm.filterLockedAccounts Se ha intentado autenticar al usuario bloqueado []
08-Sep-2022 16:47:23.860 WARNING [http-nio-8080-exec-105] org.apache.catalina.realm.LockOutRealm.filterLockedAccounts Se ha intentado autenticar al usuario bloqueado []
08-Sep-2022 16:47:41.712 WARNING [http-nio-8080-exec-105] org.apache.catalina.realm.LockOutRealm.filterLockedAccounts Se ha intentado autenticar al usuario bloqueado []
08-Sep-2022 16:47:44.821 WARNING [http-nio-8080-exec-106] org.apache.catalina.realm.LockOutRealm.filterLockedAccounts Se ha intentado autenticar al usuario bloqueado []
08-Sep-2022 16:47:53.850 WARNING [http-nio-8080-exec-106] org.apache.catalina.realm.LockOutRealm.filterLockedAccounts Se ha intentado autenticar al usuario bloqueado []
08-Sep-2022 16:48:05.289 WARNING [http-nio-8080-exec-103] org.apache.catalina.realm.LockOutRealm.filterLockedAccounts Se ha intentado autenticar al usuario bloqueado []
08-Sep-2022 16:48:07.558 WARNING [http-nio-8080-exec-101] org.apache.catalina.realm.LockOutRealm.filterLockedAccounts Se ha intentado autenticar al usuario bloqueado []
08-Sep-2022 16:48:15.364 WARNING [http-nio-8080-exec-99] org.apache.catalina.realm.LockOutRealm.filterLockedAccounts Se ha intentado autenticar al usuario bloqueado []
08-Sep-2022 16:48:19.244 WARNING [http-nio-8080-exec-104] org.apache.catalina.realm.LockOutRealm.filterLockedAccounts Se ha intentado autenticar al usuario bloqueado []
08-Sep-2022 16:48:26.722 WARNING [http-nio-8080-exec-104] org.apache.catalina.realm.LockOutRealm.filterLockedAccounts Se ha intentado autenticar al usuario bloqueado []
08-Sep-2022 16:48:33.406 WARNING [http-nio-8080-exec-104] org.apache.catalina.realm.LockOutRealm.filterLockedAccounts Se ha intentado autenticar al usuario bloqueado []
08-Sep-2022 16:48:36.870 WARNING [http-nio-8080-exec-100] org.apache.catalina.realm.LockOutRealm.filterLockedAccounts Se ha intentado autenticar al usuario bloqueado []
08-Sep-2022 16:48:47.380 WARNING [http-nio-8080-exec-100] org.apache.catalina.realm.LockOutRealm.filterLockedAccounts Se ha intentado autenticar al usuario bloqueado []
08-Sep-2022 16:48:57.006 WARNING [http-nio-8080-exec-100] org.apache.catalina.realm.LockOutRealm.filterLockedAccounts Se ha intentado autenticar al usuario bloqueado []
08-Sep-2022 16:49:06.531 WARNING [http-nio-8080-exec-100] org.apache.catalina.realm.LockOutRealm.filterLockedAccounts Se ha intentado autenticar al usuario bloqueado []
08-Sep-2022 16:49:49.672 WARNING [http-nio-8080-exec-100] org.apache.catalina.realm.LockOutRealm.filterLockedAccounts Se ha intentado autenticar al usuario bloqueado []
08-Sep-2022 16:50:01.384 WARNING [http-nio-8080-exec-99] org.apache.catalina.realm.LockOutRealm.filterLockedAccounts Se ha intentado autenticar al usuario bloqueado []
08-Sep-2022 16:50:09.229 WARNING [http-nio-8080-exec-105] org.apache.catalina.realm.LockOutRealm.filterLockedAccounts Se ha intentado autenticar al usuario bloqueado []
08-Sep-2022 16:50:18.209 WARNING [http-nio-8080-exec-105] org.apache.catalina.realm.LockOutRealm.filterLockedAccounts Se ha intentado autenticar al usuario bloqueado []
08-Sep-2022 16:50:27.269 WARNING [http-nio-8080-exec-105] org.apache.catalina.realm.LockOutRealm.filterLockedAccounts Se ha intentado autenticar al usuario bloqueado []
08-Sep-2022 16:50:42.333 WARNING [http-nio-8080-exec-108] org.apache.catalina.realm.LockOutRealm.filterLockedAccounts Se ha intentado autenticar al usuario bloqueado []
08-Sep-2022 16:50:49.846 WARNING [http-nio-8080-exec-108] org.apache.catalina.realm.LockOutRealm.filterLockedAccounts Se ha intentado autenticar al usuario bloqueado []
08-Sep-2022 16:50:56.878 WARNING [http-nio-8080-exec-108] org.apache.catalina.realm.LockOutRealm.filterLockedAccounts Se ha intentado autenticar al usuario bloqueado []
08-Sep-2022 16:51:04.910 WARNING [http-nio-8080-exec-108] org.apache.catalina.realm.LockOutRealm.filterLockedAccounts Se ha intentado autenticar al usuario bloqueado []
08-Sep-2022 16:51:10.456 WARNING [http-nio-8080-exec-104] org.apache.catalina.realm.LockOutRealm.filterLockedAccounts Se ha intentado autenticar al usuario bloqueado []
08-Sep-2022 16:51:54.716 WARNING [http-nio-8080-exec-99] org.apache.catalina.realm.LockOutRealm.filterLockedAccounts Se ha intentado autenticar al usuario bloqueado []
08-Sep-2022 16:52:03.091 WARNING [http-nio-8080-exec-102] org.apache.catalina.realm.LockOutRealm.filterLockedAccounts Se ha intentado autenticar al usuario bloqueado []
08-Sep-2022 16:52:03.944 WARNING [http-nio-8080-exec-100] org.apache.catalina.realm.LockOutRealm.filterLockedAccounts Se ha intentado autenticar al usuario bloqueado []
08-Sep-2022 16:52:04.763 WARNING [http-nio-8080-exec-99] org.apache.catalina.realm.LockOutRealm.filterLockedAccounts Se ha intentado autenticar al usuario bloqueado []
08-Sep-2022 16:52:36.181 WARNING [http-nio-8080-exec-102] org.apache.catalina.realm.LockOutRealm.filterLockedAccounts Se ha intentado autenticar al usuario bloqueado []
08-Sep-2022 16:52:43.697 WARNING [http-nio-8080-exec-106] org.apache.catalina.realm.LockOutRealm.filterLockedAccounts Se ha intentado autenticar al usuario bloqueado []
08-Sep-2022 16:52:49.825 WARNING [http-nio-8080-exec-107] org.apache.catalina.realm.LockOutRealm.filterLockedAccounts Se ha intentado autenticar al usuario bloqueado []
08-Sep-2022 16:53:01.525 WARNING [http-nio-8080-exec-107] org.apache.catalina.realm.LockOutRealm.filterLockedAccounts Se ha intentado autenticar al usuario bloqueado []
08-Sep-2022 16:53:23.321 WARNING [http-nio-8080-exec-101] org.apache.catalina.realm.LockOutRealm.filterLockedAccounts Se ha intentado autenticar al usuario bloqueado []
08-Sep-2022 16:53:29.816 WARNING [http-nio-8080-exec-101] org.apache.catalina.realm.LockOutRealm.filterLockedAccounts Se ha intentado autenticar al usuario bloqueado []
08-Sep-2022 16:53:46.587 WARNING [http-nio-8080-exec-101] org.apache.catalina.realm.LockOutRealm.filterLockedAccounts Se ha intentado autenticar al usuario bloqueado []
08-Sep-2022 16:53:47.428 WARNING [http-nio-8080-exec-106] org.apache.catalina.realm.LockOutRealm.filterLockedAccounts Se ha intentado autenticar al usuario bloqueado []
08-Sep-2022 16:54:18.552 WARNING [http-nio-8080-exec-106] org.apache.catalina.realm.LockOutRealm.filterLockedAccounts Se ha intentado autenticar al usuario bloqueado []
08-Sep-2022 16:54:19.424 WARNING [http-nio-8080-exec-104] org.apache.catalina.realm.LockOutRealm.filterLockedAccounts Se ha intentado autenticar al usuario bloqueado []
08-Sep-2022 16:54:25.036 WARNING [http-nio-8080-exec-100] org.apache.catalina.realm.LockOutRealm.filterLockedAccounts Se ha intentado autenticar al usuario bloqueado []
08-Sep-2022 16:54:35.021 WARNING [http-nio-8080-exec-102] org.apache.catalina.realm.LockOutRealm.filterLockedAccounts Se ha intentado autenticar al usuario bloqueado []
08-Sep-2022 16:54:56.394 WARNING [http-nio-8080-exec-102] org.apache.catalina.realm.LockOutRealm.filterLockedAccounts Se ha intentado autenticar al usuario bloqueado []
08-Sep-2022 16:55:02.872 WARNING [http-nio-8080-exec-107] org.apache.catalina.realm.LockOutRealm.filterLockedAccounts Se ha intentado autenticar al usuario bloqueado []
08-Sep-2022 16:55:09.181 WARNING [http-nio-8080-exec-103] org.apache.catalina.realm.LockOutRealm.filterLockedAccounts Se ha intentado autenticar al usuario bloqueado []
08-Sep-2022 16:55:15.301 WARNING [http-nio-8080-exec-105] org.apache.catalina.realm.LockOutRealm.filterLockedAccounts Se ha intentado autenticar al usuario bloqueado []
08-Sep-2022 16:55:21.111 WARNING [http-nio-8080-exec-105] org.apache.catalina.realm.LockOutRealm.filterLockedAccounts Se ha intentado autenticar al usuario bloqueado []
08-Sep-2022 16:55:28.925 WARNING [http-nio-8080-exec-99] org.apache.catalina.realm.LockOutRealm.filterLockedAccounts Se ha intentado autenticar al usuario bloqueado []
08-Sep-2022 16:55:34.735 WARNING [http-nio-8080-exec-99] org.apache.catalina.realm.LockOutRealm.filterLockedAccounts Se ha intentado autenticar al usuario bloqueado []
08-Sep-2022 16:55:49.034 WARNING [http-nio-8080-exec-100] org.apache.catalina.realm.LockOutRealm.filterLockedAccounts Se ha intentado autenticar al usuario bloqueado []
08-Sep-2022 16:56:44.281 WARNING [http-nio-8080-exec-100] org.apache.catalina.realm.LockOutRealm.filterLockedAccounts Se ha intentado autenticar al usuario bloqueado []
08-Sep-2022 16:56:44.284 WARNING [http-nio-8080-exec-103] org.apache.catalina.realm.LockOutRealm.filterLockedAccounts Se ha intentado autenticar al usuario bloqueado []
08-Sep-2022 16:59:36.859 WARNING [http-nio-8080-exec-108] org.apache.catalina.realm.LockOutRealm.filterLockedAccounts Se ha intentado autenticar al usuario bloqueado []
08-Sep-2022 16:59:36.861 WARNING [http-nio-8080-exec-101] org.apache.catalina.realm.LockOutRealm.filterLockedAccounts Se ha intentado autenticar al usuario bloqueado []
08-Sep-2022 17:00:30.833 WARNING [http-nio-8080-exec-105] org.apache.catalina.realm.LockOutRealm.filterLockedAccounts Se ha intentado autenticar al usuario bloqueado []
08-Sep-2022 17:00:30.835 WARNING [http-nio-8080-exec-101] org.apache.catalina.realm.LockOutRealm.filterLockedAccounts Se ha intentado autenticar al usuario bloqueado []
08-Sep-2022 17:02:11.279 WARNING [http-nio-8080-exec-100] org.apache.catalina.realm.LockOutRealm.filterLockedAccounts Se ha intentado autenticar al usuario bloqueado []
08-Sep-2022 17:02:11.282 WARNING [http-nio-8080-exec-102] org.apache.catalina.realm.LockOutRealm.filterLockedAccounts Se ha intentado autenticar al usuario bloqueado []
08-Sep-2022 17:03:28.635 INFO [main] org.apache.catalina.core.StandardServer.await Se ha recibido un comando de apagado a través del puerto de apagado. Parando la instancia del Servidor.
08-Sep-2022 17:03:28.636 INFO [main] org.apache.coyote.AbstractProtocol.pause Pausing ProtocolHandler ["http-nio-8080"]
08-Sep-2022 17:03:28.643 INFO [main] org.apache.catalina.core.StandardService.stopInternal Parando servicio [Catalina]
08-Sep-2022 17:03:28.655 WARNING [localhost-startStop-2] org.apache.catalina.loader.WebappClassLoaderBase.clearReferencesJdbc La aplicación web [SanMartin_Web] registró el conductor JDBC [com.mysql.cj.jdbc.Driver] pero falló al anular el registro mientras la aplicación web estaba parada. Para prevenir un fallo de memoria, se ha anulado el registro del conductor JDBC por la fuerza.
08-Sep-2022 17:03:28.655 WARNING [localhost-startStop-2] org.apache.catalina.loader.WebappClassLoaderBase.clearReferencesThreads The web application [SanMartin_Web] appears to have started a thread named [mysql-cj-abandoned-connection-cleanup] but has failed to stop it. This is very likely to create a memory leak. Stack trace of thread:
 java.base@18.0.2.1/java.lang.Object.wait(Native Method)
 java.base@18.0.2.1/java.lang.ref.ReferenceQueue.remove(ReferenceQueue.java:155)
 com.mysql.cj.jdbc.AbandonedConnectionCleanupThread.run(AbandonedConnectionCleanupThread.java:91)
 java.base@18.0.2.1/java.util.concurrent.ThreadPoolExecutor.runWorker(ThreadPoolExecutor.java:1136)
 java.base@18.0.2.1/java.util.concurrent.ThreadPoolExecutor$Worker.run(ThreadPoolExecutor.java:635)
 java.base@18.0.2.1/java.lang.Thread.run(Thread.java:833)
08-Sep-2022 17:03:28.659 INFO [main] org.apache.coyote.AbstractProtocol.stop Stopping ProtocolHandler ["http-nio-8080"]
08-Sep-2022 17:03:28.672 INFO [main] org.apache.coyote.AbstractProtocol.destroy Destroying ProtocolHandler ["http-nio-8080"]
08-Sep-2022 17:06:03.614 INFO [main] org.apache.catalina.startup.VersionLoggerListener.log Nombre de la versión del servidor: Apache Tomcat/8.5.82
08-Sep-2022 17:06:03.617 INFO [main] org.apache.catalina.startup.VersionLoggerListener.log Server built:                      Aug 8 2022 21:26:07 UTC
08-Sep-2022 17:06:03.617 INFO [main] org.apache.catalina.startup.VersionLoggerListener.log Número de versión de servidor:     8.5.82.0
08-Sep-2022 17:06:03.617 INFO [main] org.apache.catalina.startup.VersionLoggerListener.log OS Name:                           Windows 11
08-Sep-2022 17:06:03.617 INFO [main] org.apache.catalina.startup.VersionLoggerListener.log Versión de Systema Operativo:      10.0
08-Sep-2022 17:06:03.617 INFO [main] org.apache.catalina.startup.VersionLoggerListener.log Arquitectura:                      amd64
08-Sep-2022 17:06:03.617 INFO [main] org.apache.catalina.startup.VersionLoggerListener.log Java Home:                         C:\Program Files\Java\jdk-18.0.2.1
08-Sep-2022 17:06:03.617 INFO [main] org.apache.catalina.startup.VersionLoggerListener.log JVM Version:                       18.0.2.1+1-1
08-Sep-2022 17:06:03.617 INFO [main] org.apache.catalina.startup.VersionLoggerListener.log Vededor JVM:                       Oracle Corporation
08-Sep-2022 17:06:03.618 INFO [main] org.apache.catalina.startup.VersionLoggerListener.log CATALINA_BASE:                     D:\GIAN\INSTITUTO - UNIVERSIDAD\IDAT\Proyectos Finales\San Martin\SanMartin_Web\apache-tomcat-8.5.82\apache-tomcat-8.5.82
08-Sep-2022 17:06:03.618 INFO [main] org.apache.catalina.startup.VersionLoggerListener.log CATALINA_HOME:                     D:\GIAN\INSTITUTO - UNIVERSIDAD\IDAT\Proyectos Finales\San Martin\SanMartin_Web\apache-tomcat-8.5.82\apache-tomcat-8.5.82
08-Sep-2022 17:06:03.618 INFO [main] org.apache.catalina.startup.VersionLoggerListener.log Command line argument:             --add-opens=java.base/java.lang=ALL-UNNAMED
08-Sep-2022 17:06:03.619 INFO [main] org.apache.catalina.startup.VersionLoggerListener.log Command line argument:             --add-opens=java.base/java.io=ALL-UNNAMED
08-Sep-2022 17:06:03.619 INFO [main] org.apache.catalina.startup.VersionLoggerListener.log Command line argument:             --add-opens=java.base/java.util=ALL-UNNAMED
08-Sep-2022 17:06:03.619 INFO [main] org.apache.catalina.startup.VersionLoggerListener.log Command line argument:             --add-opens=java.base/java.util.concurrent=ALL-UNNAMED
08-Sep-2022 17:06:03.619 INFO [main] org.apache.catalina.startup.VersionLoggerListener.log Command line argument:             --add-opens=java.rmi/sun.rmi.transport=ALL-UNNAMED
08-Sep-2022 17:06:03.619 INFO [main] org.apache.catalina.startup.VersionLoggerListener.log Command line argument:             -Djava.util.logging.config.file=D:\GIAN\INSTITUTO - UNIVERSIDAD\IDAT\Proyectos Finales\San Martin\SanMartin_Web\apache-tomcat-8.5.82\apache-tomcat-8.5.82\conf\logging.properties
08-Sep-2022 17:06:03.619 INFO [main] org.apache.catalina.startup.VersionLoggerListener.log Command line argument:             -Djava.util.logging.manager=org.apache.juli.ClassLoaderLogManager
08-Sep-2022 17:06:03.619 INFO [main] org.apache.catalina.startup.VersionLoggerListener.log Command line argument:             -Dhttp.nonProxyHosts=localhost|127.0.0.1|DESKTOP-S46NEG3
08-Sep-2022 17:06:03.619 INFO [main] org.apache.catalina.startup.VersionLoggerListener.log Command line argument:             -Djdk.tls.ephemeralDHKeySize=2048
08-Sep-2022 17:06:03.619 INFO [main] org.apache.catalina.startup.VersionLoggerListener.log Command line argument:             -Djava.protocol.handler.pkgs=org.apache.catalina.webresources
08-Sep-2022 17:06:03.619 INFO [main] org.apache.catalina.startup.VersionLoggerListener.log Command line argument:             -Dignore.endorsed.dirs=
08-Sep-2022 17:06:03.619 INFO [main] org.apache.catalina.startup.VersionLoggerListener.log Command line argument:             -Dcatalina.base=D:\GIAN\INSTITUTO - UNIVERSIDAD\IDAT\Proyectos Finales\San Martin\SanMartin_Web\apache-tomcat-8.5.82\apache-tomcat-8.5.82
08-Sep-2022 17:06:03.619 INFO [main] org.apache.catalina.startup.VersionLoggerListener.log Command line argument:             -Dcatalina.home=D:\GIAN\INSTITUTO - UNIVERSIDAD\IDAT\Proyectos Finales\San Martin\SanMartin_Web\apache-tomcat-8.5.82\apache-tomcat-8.5.82
08-Sep-2022 17:06:03.626 INFO [main] org.apache.catalina.startup.VersionLoggerListener.log Command line argument:             -Djava.io.tmpdir=D:\GIAN\INSTITUTO - UNIVERSIDAD\IDAT\Proyectos Finales\San Martin\SanMartin_Web\apache-tomcat-8.5.82\apache-tomcat-8.5.82\temp
08-Sep-2022 17:06:03.626 INFO [main] org.apache.catalina.core.AprLifecycleListener.lifecycleEvent La biblioteca nativa de Apache Tomcat basada en ARP que permite un rendimiento óptimo en entornos de desarrollo no ha sido hallada en java.library.path: [C:\Program Files\Java\jdk-18.0.2.1\bin;C:\WINDOWS\Sun\Java\bin;C:\WINDOWS\system32;C:\WINDOWS;C:\Program Files\Common Files\Oracle\Java\javapath;C:\Oracle\product\10.1.0\Client_1\bin;C:\Oracle\product\10.1.0\Client_1\jre\1.4.2\bin\client;C:\Oracle\product\10.1.0\Client_1\jre\1.4.2\bin;C:\Program Files (x86)\Common Files\Oracle\Java\javapath;C:\Windows\system32;C:\Windows;C:\Windows\System32\Wbem;C:\Windows\System32\WindowsPowerShell\v1.0\;C:\Windows\System32\OpenSSH\;C:\Program Files\NVIDIA Corporation\NVIDIA NvDLISR;C:\Program Files (x86)\NVIDIA Corporation\PhysX\Common;C:\Program Files (x86)\Rational\common;C:\Program Files\MySQL\MySQL_Server_8.0\bin;;C:\WINDOWS\system32;C:\WINDOWS;C:\WINDOWS\System32\Wbem;C:\WINDOWS\System32\WindowsPowerShell\v1.0\;C:\WINDOWS\System32\OpenSSH\;C:\Program Files\PuTTY\;C:\Program Files\dotnet\;C:\Program Files\Microsoft SQL Server\Client SDK\ODBC\170\Tools\Binn\;C:\Program Files\Microsoft SQL Server\150\Tools\Binn\;C:\Program Files (x86)\Microsoft SQL Server\150\Tools\Binn\;C:\Program Files (x86)\Microsoft SQL Server\150\DTS\Binn\;C:\Program Files\Microsoft SQL Server\150\DTS\Binn\;C:\Program Files\Azure Data Studio\bin;C:\Users\gian_\AppData\Local\Programs\Python\Python310\Scripts\;C:\Users\gian_\AppData\Local\Programs\Python\Python310\;C:\Users\gian_\AppData\Local\Microsoft\WindowsApps;C:\Users\gian_\.dotnet\tools;C:\Program Files\Azure Data Studio\bin;C:\Users\gian_\AppData\Local\Programs\Microsoft VS Code\bin;.]
08-Sep-2022 17:06:03.660 INFO [main] org.apache.coyote.AbstractProtocol.init Inicializando el manejador de protocolo ["http-nio-8080"]

08-Sep-2022 17:06:03.678 INFO [main] org.apache.catalina.startup.Catalina.load Initialization processed in 400 ms
08-Sep-2022 17:06:03.714 INFO [main] org.apache.catalina.core.StandardService.startInternal Arrancando servicio [Catalina]
08-Sep-2022 17:06:03.715 INFO [main] org.apache.catalina.core.StandardEngine.startInternal Starting Servlet engine: [Apache Tomcat/8.5.82]
08-Sep-2022 17:06:03.721 INFO [localhost-startStop-1] org.apache.catalina.startup.HostConfig.deployDescriptor Desplieque del descriptor de configuración [D:\GIAN\INSTITUTO - UNIVERSIDAD\IDAT\Proyectos Finales\San Martin\SanMartin_Web\apache-tomcat-8.5.82\apache-tomcat-8.5.82\conf\Catalina\localhost\SanMartin_Web.xml]
08-Sep-2022 17:06:04.131 INFO [localhost-startStop-1] org.apache.jasper.servlet.TldScanner.scanJars Al menos un JAR, que se ha explorado buscando TLDs, aún no contenía TLDs. Activar historial de depuración para este historiador para una completa lista de los JARs que fueron explorados y de los que nos se halló TLDs. Saltarse JARs no necesarios durante la exploración puede dar lugar a una mejora de tiempo significativa en el arranque y compilación de JSP .
08-Sep-2022 17:06:04.215 INFO [localhost-startStop-1] org.apache.catalina.startup.HostConfig.deployDescriptor Deployment of deployment descriptor [D:\GIAN\INSTITUTO - UNIVERSIDAD\IDAT\Proyectos Finales\San Martin\SanMartin_Web\apache-tomcat-8.5.82\apache-tomcat-8.5.82\conf\Catalina\localhost\SanMartin_Web.xml] has finished in [493] ms
08-Sep-2022 17:06:04.216 INFO [localhost-startStop-1] org.apache.catalina.startup.HostConfig.deployDirectory Desplegando el directorio [D:\GIAN\INSTITUTO - UNIVERSIDAD\IDAT\Proyectos Finales\San Martin\SanMartin_Web\apache-tomcat-8.5.82\apache-tomcat-8.5.82\webapps\docs] de la aplicación web
08-Sep-2022 17:06:04.236 INFO [localhost-startStop-1] org.apache.catalina.startup.HostConfig.deployDirectory Deployment of web application directory [D:\GIAN\INSTITUTO - UNIVERSIDAD\IDAT\Proyectos Finales\San Martin\SanMartin_Web\apache-tomcat-8.5.82\apache-tomcat-8.5.82\webapps\docs] has finished in [19] ms
08-Sep-2022 17:06:04.236 INFO [localhost-startStop-1] org.apache.catalina.startup.HostConfig.deployDirectory Desplegando el directorio [D:\GIAN\INSTITUTO - UNIVERSIDAD\IDAT\Proyectos Finales\San Martin\SanMartin_Web\apache-tomcat-8.5.82\apache-tomcat-8.5.82\webapps\examples] de la aplicación web
08-Sep-2022 17:06:04.479 INFO [localhost-startStop-1] org.apache.catalina.startup.HostConfig.deployDirectory Deployment of web application directory [D:\GIAN\INSTITUTO - UNIVERSIDAD\IDAT\Proyectos Finales\San Martin\SanMartin_Web\apache-tomcat-8.5.82\apache-tomcat-8.5.82\webapps\examples] has finished in [242] ms
08-Sep-2022 17:06:04.479 INFO [localhost-startStop-1] org.apache.catalina.startup.HostConfig.deployDirectory Desplegando el directorio [D:\GIAN\INSTITUTO - UNIVERSIDAD\IDAT\Proyectos Finales\San Martin\SanMartin_Web\apache-tomcat-8.5.82\apache-tomcat-8.5.82\webapps\host-manager] de la aplicación web
08-Sep-2022 17:06:04.510 INFO [localhost-startStop-1] org.apache.catalina.startup.HostConfig.deployDirectory Deployment of web application directory [D:\GIAN\INSTITUTO - UNIVERSIDAD\IDAT\Proyectos Finales\San Martin\SanMartin_Web\apache-tomcat-8.5.82\apache-tomcat-8.5.82\webapps\host-manager] has finished in [31] ms
08-Sep-2022 17:06:04.510 INFO [localhost-startStop-1] org.apache.catalina.startup.HostConfig.deployDirectory Desplegando el directorio [D:\GIAN\INSTITUTO - UNIVERSIDAD\IDAT\Proyectos Finales\San Martin\SanMartin_Web\apache-tomcat-8.5.82\apache-tomcat-8.5.82\webapps\manager] de la aplicación web
08-Sep-2022 17:06:04.539 INFO [localhost-startStop-1] org.apache.catalina.startup.HostConfig.deployDirectory Deployment of web application directory [D:\GIAN\INSTITUTO - UNIVERSIDAD\IDAT\Proyectos Finales\San Martin\SanMartin_Web\apache-tomcat-8.5.82\apache-tomcat-8.5.82\webapps\manager] has finished in [29] ms
08-Sep-2022 17:06:04.539 INFO [localhost-startStop-1] org.apache.catalina.startup.HostConfig.deployDirectory Desplegando el directorio [D:\GIAN\INSTITUTO - UNIVERSIDAD\IDAT\Proyectos Finales\San Martin\SanMartin_Web\apache-tomcat-8.5.82\apache-tomcat-8.5.82\webapps\ROOT] de la aplicación web
08-Sep-2022 17:06:04.555 INFO [localhost-startStop-1] org.apache.catalina.startup.HostConfig.deployDirectory Deployment of web application directory [D:\GIAN\INSTITUTO - UNIVERSIDAD\IDAT\Proyectos Finales\San Martin\SanMartin_Web\apache-tomcat-8.5.82\apache-tomcat-8.5.82\webapps\ROOT] has finished in [16] ms
08-Sep-2022 17:06:04.557 INFO [main] org.apache.coyote.AbstractProtocol.start Starting ProtocolHandler ["http-nio-8080"]
08-Sep-2022 17:06:04.613 INFO [main] org.apache.catalina.startup.Catalina.start Server startup in 934 ms
08-Sep-2022 17:06:28.443 INFO [http-nio-8080-exec-10] org.apache.catalina.core.StandardContext.reload Ha comenzado la recarga de Contexto [/SanMartin_Web]
08-Sep-2022 17:06:28.669 INFO [http-nio-8080-exec-10] org.apache.jasper.servlet.TldScanner.scanJars Al menos un JAR, que se ha explorado buscando TLDs, aún no contenía TLDs. Activar historial de depuración para este historiador para una completa lista de los JARs que fueron explorados y de los que nos se halló TLDs. Saltarse JARs no necesarios durante la exploración puede dar lugar a una mejora de tiempo significativa en el arranque y compilación de JSP .
08-Sep-2022 17:06:28.673 INFO [http-nio-8080-exec-10] org.apache.catalina.core.StandardContext.reload Se ha completado la recarga de este Contexto
08-Sep-2022 17:06:34.540 WARNING [http-nio-8080-exec-12] org.apache.catalina.realm.LockOutRealm.filterLockedAccounts Se ha intentado autenticar al usuario bloqueado []
08-Sep-2022 17:06:34.547 WARNING [http-nio-8080-exec-6] org.apache.catalina.realm.LockOutRealm.filterLockedAccounts Se ha intentado autenticar al usuario bloqueado []
08-Sep-2022 17:06:34.566 WARNING [http-nio-8080-exec-12] org.apache.catalina.realm.LockOutRealm.filterLockedAccounts Se ha intentado autenticar al usuario bloqueado []
08-Sep-2022 17:06:34.569 INFO [http-nio-8080-exec-7] org.apache.catalina.core.StandardContext.reload Ha comenzado la recarga de Contexto [/SanMartin_Web]
08-Sep-2022 17:06:34.771 INFO [http-nio-8080-exec-7] org.apache.jasper.servlet.TldScanner.scanJars Al menos un JAR, que se ha explorado buscando TLDs, aún no contenía TLDs. Activar historial de depuración para este historiador para una completa lista de los JARs que fueron explorados y de los que nos se halló TLDs. Saltarse JARs no necesarios durante la exploración puede dar lugar a una mejora de tiempo significativa en el arranque y compilación de JSP .
08-Sep-2022 17:06:34.774 INFO [http-nio-8080-exec-7] org.apache.catalina.core.StandardContext.reload Se ha completado la recarga de este Contexto
08-Sep-2022 17:18:31.005 INFO [http-nio-8080-exec-15] org.apache.catalina.startup.HostConfig.deployDescriptor Desplieque del descriptor de configuración [D:\GIAN\INSTITUTO - UNIVERSIDAD\IDAT\Proyectos Finales\San Martin\SanMartin_Web\apache-tomcat-8.5.82\apache-tomcat-8.5.82\conf\Catalina\localhost\WebApplication1.xml]
08-Sep-2022 17:18:31.027 INFO [http-nio-8080-exec-15] org.apache.catalina.startup.HostConfig.deployDescriptor Deployment of deployment descriptor [D:\GIAN\INSTITUTO - UNIVERSIDAD\IDAT\Proyectos Finales\San Martin\SanMartin_Web\apache-tomcat-8.5.82\apache-tomcat-8.5.82\conf\Catalina\localhost\WebApplication1.xml] has finished in [21] ms
08-Sep-2022 17:18:31.031 INFO [http-nio-8080-exec-19] org.apache.catalina.util.LifecycleBase.start The start() method was called on component [StandardEngine[Catalina].StandardHost[localhost].StandardContext[/WebApplication1]] after start() had already been called. The second call will be ignored.
08-Sep-2022 17:18:37.497 WARNING [http-nio-8080-exec-22] org.apache.catalina.realm.LockOutRealm.filterLockedAccounts Se ha intentado autenticar al usuario bloqueado []
08-Sep-2022 17:18:37.500 WARNING [http-nio-8080-exec-13] org.apache.catalina.realm.LockOutRealm.filterLockedAccounts Se ha intentado autenticar al usuario bloqueado []
08-Sep-2022 17:18:47.896 WARNING [http-nio-8080-exec-15] org.apache.catalina.realm.LockOutRealm.filterLockedAccounts Se ha intentado autenticar al usuario bloqueado []
08-Sep-2022 17:18:47.900 WARNING [http-nio-8080-exec-22] org.apache.catalina.realm.LockOutRealm.filterLockedAccounts Se ha intentado autenticar al usuario bloqueado []
08-Sep-2022 17:19:06.420 WARNING [http-nio-8080-exec-15] org.apache.catalina.realm.LockOutRealm.filterLockedAccounts Se ha intentado autenticar al usuario bloqueado []
08-Sep-2022 17:19:06.425 WARNING [http-nio-8080-exec-17] org.apache.catalina.realm.LockOutRealm.filterLockedAccounts Se ha intentado autenticar al usuario bloqueado []
08-Sep-2022 17:19:15.140 WARNING [http-nio-8080-exec-15] org.apache.catalina.realm.LockOutRealm.filterLockedAccounts Se ha intentado autenticar al usuario bloqueado []
08-Sep-2022 17:19:15.144 WARNING [http-nio-8080-exec-20] org.apache.catalina.realm.LockOutRealm.filterLockedAccounts Se ha intentado autenticar al usuario bloqueado []
08-Sep-2022 17:19:21.089 WARNING [http-nio-8080-exec-15] org.apache.catalina.realm.LockOutRealm.filterLockedAccounts Se ha intentado autenticar al usuario bloqueado []
08-Sep-2022 17:19:21.092 WARNING [http-nio-8080-exec-21] org.apache.catalina.realm.LockOutRealm.filterLockedAccounts Se ha intentado autenticar al usuario bloqueado []
08-Sep-2022 17:21:15.361 WARNING [http-nio-8080-exec-20] org.apache.catalina.realm.LockOutRealm.filterLockedAccounts Se ha intentado autenticar al usuario bloqueado []
08-Sep-2022 17:21:15.367 WARNING [http-nio-8080-exec-18] org.apache.catalina.realm.LockOutRealm.filterLockedAccounts Se ha intentado autenticar al usuario bloqueado []
08-Sep-2022 17:21:15.883 INFO [http-nio-8080-exec-21] org.apache.catalina.startup.HostConfig.undeploy Repliegue (undeploy) de la aplicación web que tiene como trayectoria de contexto [/WebApplication1]
08-Sep-2022 17:21:16.394 INFO [ContainerBackgroundProcessor[StandardEngine[Catalina]]] org.apache.catalina.startup.HostConfig.undeploy Repliegue (undeploy) de la aplicación web que tiene como trayectoria de contexto [/WebApplication1]
